Namespace(task='distance', off_file='dataset/EP_low/EP_low.off', file_folder='.', max_depth=2, capacity=512, uniform=False, in_feat=64, hidden_dim=128, out_dim=64, dropout_ratio=0.2, learning_rate=0.001, num_epoch=100, batch_size=16, train_percent=0.8, early_stop_patience=10, distance_samples=50000, highway_k=3, inner_mode='partition', loss_type='log_l1', disable_highway_distance_feature=False, device='cuda', cache_dir='outputs/cache', no_cache=False)
[cache] 命中，直接加载高速上下文: /root/autodl-tmp/gnn-highewaynetwork-oracle/outputs/cache/EP_low_d2_c512_ada_f64_16f4cacf.pt（跳过分区+Dijkstra 预处理）
[distance] preprocess(分区+高速/缓存) done in 84.05s
[distance] off=/root/autodl-tmp/gnn-highewaynetwork-oracle/./dataset/EP_low/EP_low.off |V|=164238 leaves=16(occupied=16) highway_nodes=4856
[distance] sampled 50000 unique reachable pairs (requested cap=50000, total possible=13486978203, dijkstra_runs=41263, undirected=True)
[distance] samples: train=40000, val=5000, test=5000
[distance] wrote test pairs: /root/autodl-tmp/gnn-highewaynetwork-oracle/outputs/results/EP_low_distance_2026-07-09_10-49-01_test_pairs.csv (5000 pairs)
[distance] epoch=000 train_mae=3022.691895 val_mae=2903.929199 train_rmse=3722.308105 val_rmse=3494.710693 time=573.12s
[distance] epoch=001 train_mae=2804.605957 val_mae=2570.065430 train_rmse=3432.109863 val_rmse=3218.756592 time=569.56s
[distance] epoch=002 train_mae=2588.441895 val_mae=2555.817627 train_rmse=3257.816406 val_rmse=3236.860107 time=573.46s
[distance] epoch=003 train_mae=2569.281982 val_mae=2544.217041 train_rmse=3252.981689 val_rmse=3198.153320 time=575.26s
[distance] epoch=004 train_mae=2558.743408 val_mae=2535.398438 train_rmse=3246.554932 val_rmse=3189.946045 time=570.50s
[distance] epoch=005 train_mae=2554.241699 val_mae=2528.798340 train_rmse=3245.572266 val_rmse=3168.781250 time=570.49s
[distance] epoch=006 train_mae=2540.927979 val_mae=2518.872559 train_rmse=3231.069092 val_rmse=3153.768799 time=569.17s
[distance] epoch=007 train_mae=2536.806396 val_mae=2521.466797 train_rmse=3225.226562 val_rmse=3127.046875 time=570.63s
[distance] epoch=008 train_mae=2524.531006 val_mae=2494.161621 train_rmse=3206.676514 val_rmse=3159.659424 time=569.14s
[distance] epoch=009 train_mae=2506.862305 val_mae=2483.811035 train_rmse=3189.423828 val_rmse=3115.526367 time=568.59s
[distance] epoch=010 train_mae=2487.314453 val_mae=2461.129150 train_rmse=3164.490479 val_rmse=3104.491211 time=580.39s
[distance] epoch=011 train_mae=2471.420654 val_mae=2434.716064 train_rmse=3135.480713 val_rmse=3070.775879 time=568.87s
[distance] epoch=012 train_mae=2439.233154 val_mae=2405.604736 train_rmse=3091.630615 val_rmse=3013.535889 time=569.00s
[distance] epoch=013 train_mae=2414.600830 val_mae=2391.017090 train_rmse=3048.604980 val_rmse=2970.247070 time=568.89s
[distance] epoch=014 train_mae=2399.655762 val_mae=2371.152832 train_rmse=3025.015869 val_rmse=2960.745605 time=570.02s
[distance] epoch=015 train_mae=2385.851074 val_mae=2356.502197 train_rmse=3003.464355 val_rmse=2953.757080 time=573.95s
[distance] epoch=016 train_mae=2373.333252 val_mae=2348.810059 train_rmse=2983.329590 val_rmse=2915.929199 time=573.62s
[distance] epoch=017 train_mae=2345.104004 val_mae=2307.677734 train_rmse=2943.473877 val_rmse=2869.103271 time=570.85s
[distance] epoch=018 train_mae=2295.091553 val_mae=2242.370117 train_rmse=2872.035400 val_rmse=2769.448730 time=574.25s
[distance] epoch=019 train_mae=2241.769775 val_mae=2187.792236 train_rmse=2790.218994 val_rmse=2691.816650 time=573.12s
[distance] epoch=020 train_mae=2163.702393 val_mae=2103.156738 train_rmse=2686.415039 val_rmse=2575.609375 time=572.46s
[distance] epoch=021 train_mae=2089.186279 val_mae=2071.120850 train_rmse=2579.018311 val_rmse=2542.273682 time=576.40s
[distance] epoch=022 train_mae=2028.783936 val_mae=1984.224365 train_rmse=2505.508545 val_rmse=2456.272461 time=577.70s
[distance] epoch=023 train_mae=1942.869507 val_mae=1783.926514 train_rmse=2411.346680 val_rmse=2214.099854 time=579.00s
[distance] epoch=024 train_mae=1868.283936 val_mae=1735.674561 train_rmse=2330.840576 val_rmse=2170.668701 time=577.97s
[distance] epoch=025 train_mae=1820.338379 val_mae=1653.191406 train_rmse=2282.549561 val_rmse=2055.055176 time=577.48s
[distance] epoch=026 train_mae=1774.546143 val_mae=1615.566772 train_rmse=2232.955322 val_rmse=2044.914062 time=577.94s
[distance] epoch=027 train_mae=1758.392334 val_mae=1638.268188 train_rmse=2218.246826 val_rmse=2016.120483 time=575.58s
[distance] epoch=028 train_mae=1722.783813 val_mae=1584.524414 train_rmse=2180.611572 val_rmse=1979.622437 time=573.28s
[distance] epoch=029 train_mae=1709.836792 val_mae=1588.716919 train_rmse=2163.448730 val_rmse=2048.326172 time=585.79s
[distance] epoch=030 train_mae=1672.609375 val_mae=1577.990601 train_rmse=2127.810791 val_rmse=1945.724976 time=573.39s
[distance] epoch=031 train_mae=1651.107788 val_mae=1495.690308 train_rmse=2097.742920 val_rmse=1904.708496 time=566.96s
[distance] epoch=032 train_mae=1624.643311 val_mae=1475.429810 train_rmse=2072.756104 val_rmse=1884.624390 time=572.11s
[distance] epoch=033 train_mae=1612.934204 val_mae=1448.323730 train_rmse=2058.538086 val_rmse=1848.502075 time=578.99s
[distance] epoch=034 train_mae=1594.252319 val_mae=1443.427612 train_rmse=2036.544312 val_rmse=1873.040649 time=576.07s
[distance] epoch=035 train_mae=1564.891113 val_mae=1613.980835 train_rmse=2003.548950 val_rmse=1972.663696 time=574.14s
[distance] epoch=036 train_mae=1553.572388 val_mae=1410.453125 train_rmse=1991.268311 val_rmse=1778.355469 time=575.18s
[distance] epoch=037 train_mae=1525.853760 val_mae=1405.277100 train_rmse=1960.799927 val_rmse=1794.347778 time=575.21s
[distance] epoch=038 train_mae=1513.042725 val_mae=1472.233398 train_rmse=1948.883667 val_rmse=1816.779053 time=577.16s
[distance] epoch=039 train_mae=1495.258911 val_mae=1382.030396 train_rmse=1924.926025 val_rmse=1740.653076 time=577.36s
[distance] epoch=040 train_mae=1479.366943 val_mae=1506.324585 train_rmse=1907.557129 val_rmse=1847.072632 time=577.10s
[distance] epoch=041 train_mae=1462.723511 val_mae=1448.584595 train_rmse=1887.419922 val_rmse=1783.375366 time=576.90s
[distance] epoch=042 train_mae=1453.243896 val_mae=1501.059448 train_rmse=1877.429077 val_rmse=1841.801514 time=576.75s
[distance] epoch=043 train_mae=1438.149170 val_mae=1388.795044 train_rmse=1860.809326 val_rmse=1731.327148 time=578.83s
[distance] epoch=044 train_mae=1407.485107 val_mae=1394.710571 train_rmse=1827.251953 val_rmse=1727.859863 time=574.75s
[distance] epoch=045 train_mae=1394.881592 val_mae=1347.520386 train_rmse=1812.709717 val_rmse=1692.806641 time=576.10s
[distance] epoch=046 train_mae=1373.794189 val_mae=1258.398804 train_rmse=1787.203613 val_rmse=1636.158936 time=576.59s
[distance] epoch=047 train_mae=1373.314941 val_mae=1329.099731 train_rmse=1790.598145 val_rmse=1674.852173 time=577.71s
[distance] epoch=048 train_mae=1349.163330 val_mae=1399.026123 train_rmse=1759.611572 val_rmse=1721.944580 time=573.57s
[distance] epoch=049 train_mae=1329.085571 val_mae=1225.546753 train_rmse=1740.319580 val_rmse=1605.965942 time=574.51s
[distance] epoch=050 train_mae=1321.551636 val_mae=1242.494385 train_rmse=1731.085449 val_rmse=1589.137329 time=585.09s
[distance] epoch=051 train_mae=1301.757202 val_mae=1347.125366 train_rmse=1709.972778 val_rmse=1670.934204 time=573.04s
[distance] epoch=052 train_mae=1291.665161 val_mae=1194.209351 train_rmse=1698.872437 val_rmse=1548.766113 time=572.85s
[distance] epoch=053 train_mae=1281.756714 val_mae=1247.532227 train_rmse=1686.439575 val_rmse=1574.237915 time=573.06s
[distance] epoch=054 train_mae=1266.713379 val_mae=1210.035156 train_rmse=1670.898682 val_rmse=1563.941772 time=574.46s
[distance] epoch=055 train_mae=1258.506714 val_mae=1166.352051 train_rmse=1659.736938 val_rmse=1522.546265 time=572.56s
[distance] epoch=056 train_mae=1248.908569 val_mae=1208.887817 train_rmse=1647.270630 val_rmse=1548.353027 time=572.12s
[distance] epoch=057 train_mae=1235.590210 val_mae=1217.464355 train_rmse=1631.992310 val_rmse=1541.885620 time=572.39s
[distance] epoch=058 train_mae=1228.361816 val_mae=1208.284424 train_rmse=1623.697754 val_rmse=1556.060791 time=567.93s
[distance] epoch=059 train_mae=1222.764160 val_mae=1199.689087 train_rmse=1619.704346 val_rmse=1530.352783 time=565.56s
[distance] epoch=060 train_mae=1213.543213 val_mae=1166.082031 train_rmse=1607.939819 val_rmse=1503.453247 time=565.45s
[distance] epoch=061 train_mae=1207.112427 val_mae=1146.725586 train_rmse=1603.162720 val_rmse=1493.406494 time=565.36s
[distance] epoch=062 train_mae=1204.883179 val_mae=1215.908936 train_rmse=1600.076782 val_rmse=1547.227661 time=565.26s
[distance] epoch=063 train_mae=1190.411621 val_mae=1120.761963 train_rmse=1584.005859 val_rmse=1458.924316 time=565.39s
[distance] epoch=064 train_mae=1192.000366 val_mae=1139.578369 train_rmse=1587.126221 val_rmse=1526.591187 time=566.33s
[distance] epoch=065 train_mae=1190.154175 val_mae=1177.911743 train_rmse=1584.527710 val_rmse=1523.680542 time=567.96s
[distance] epoch=066 train_mae=1179.269897 val_mae=1167.333008 train_rmse=1570.931763 val_rmse=1504.998291 time=568.71s
[distance] epoch=067 train_mae=1171.384888 val_mae=1143.990112 train_rmse=1560.756836 val_rmse=1477.767700 time=566.62s
[distance] epoch=068 train_mae=1148.709229 val_mae=1093.650391 train_rmse=1536.294189 val_rmse=1453.303101 time=568.09s
[distance] epoch=069 train_mae=1145.661987 val_mae=1086.327515 train_rmse=1532.700439 val_rmse=1466.147949 time=566.09s
[distance] epoch=070 train_mae=1134.105713 val_mae=1110.722656 train_rmse=1521.876587 val_rmse=1497.978394 time=578.10s
[distance] epoch=071 train_mae=1129.286865 val_mae=1091.121582 train_rmse=1516.640503 val_rmse=1462.797852 time=569.76s
[distance] epoch=072 train_mae=1121.897583 val_mae=1084.702637 train_rmse=1507.486938 val_rmse=1444.828735 time=568.56s
[distance] epoch=073 train_mae=1121.108521 val_mae=1085.966309 train_rmse=1506.754517 val_rmse=1472.733398 time=568.49s
[distance] epoch=074 train_mae=1124.114624 val_mae=1121.044556 train_rmse=1511.017456 val_rmse=1532.475342 time=567.05s
[distance] epoch=075 train_mae=1117.264160 val_mae=1090.302124 train_rmse=1504.498657 val_rmse=1484.442261 time=567.74s
[distance] epoch=076 train_mae=1112.254028 val_mae=1097.022827 train_rmse=1495.198608 val_rmse=1482.630493 time=566.29s
[distance] epoch=077 train_mae=1112.679321 val_mae=1081.310913 train_rmse=1495.986328 val_rmse=1465.110352 time=566.34s
[distance] epoch=078 train_mae=1113.230103 val_mae=1077.101196 train_rmse=1497.854248 val_rmse=1466.629028 time=565.80s
[distance] epoch=079 train_mae=1114.489258 val_mae=1090.421753 train_rmse=1498.533813 val_rmse=1483.522949 time=565.80s
[distance] epoch=080 train_mae=1113.273193 val_mae=1112.615967 train_rmse=1497.710938 val_rmse=1527.381958 time=567.04s
[distance] epoch=081 train_mae=1112.096924 val_mae=1100.166992 train_rmse=1493.884521 val_rmse=1484.464355 time=571.48s
[distance] epoch=082 train_mae=1109.963501 val_mae=1069.853516 train_rmse=1494.165649 val_rmse=1433.849976 time=568.64s
[distance] epoch=083 train_mae=1109.912720 val_mae=1088.320801 train_rmse=1493.445068 val_rmse=1473.611694 time=570.79s
[distance] epoch=084 train_mae=1114.108643 val_mae=1101.964722 train_rmse=1499.307129 val_rmse=1509.234009 time=570.13s
[distance] epoch=085 train_mae=1112.142212 val_mae=1092.025391 train_rmse=1495.430786 val_rmse=1493.071777 time=570.27s
[distance] epoch=086 train_mae=1107.903687 val_mae=1090.855469 train_rmse=1492.689087 val_rmse=1490.684082 time=570.30s
[distance] epoch=087 train_mae=1106.927368 val_mae=1084.028564 train_rmse=1492.085571 val_rmse=1467.608765 time=570.45s
[distance] epoch=088 train_mae=1105.838013 val_mae=1067.611206 train_rmse=1489.735840 val_rmse=1442.636963 time=570.85s
[distance] epoch=089 train_mae=1105.773438 val_mae=1131.789917 train_rmse=1491.888184 val_rmse=1558.548218 time=569.92s
[distance] epoch=090 train_mae=1107.336060 val_mae=1082.541382 train_rmse=1492.661011 val_rmse=1477.121826 time=568.47s
[distance] epoch=091 train_mae=1104.275024 val_mae=1059.919189 train_rmse=1488.072144 val_rmse=1420.229858 time=580.58s
[distance] epoch=092 train_mae=1102.302979 val_mae=1081.062744 train_rmse=1486.227661 val_rmse=1463.961304 time=569.24s
[distance] epoch=093 train_mae=1105.140991 val_mae=1078.855347 train_rmse=1488.229248 val_rmse=1477.333862 time=570.52s
[distance] epoch=094 train_mae=1103.073975 val_mae=1110.278931 train_rmse=1485.997314 val_rmse=1523.241455 time=569.13s
[distance] epoch=095 train_mae=1108.786743 val_mae=1103.684692 train_rmse=1494.118652 val_rmse=1510.265625 time=570.47s
[distance] epoch=096 train_mae=1106.427612 val_mae=1085.808716 train_rmse=1491.131470 val_rmse=1474.177368 time=566.13s
[distance] epoch=097 train_mae=1104.299316 val_mae=1088.939941 train_rmse=1489.818237 val_rmse=1453.049561 time=566.87s
[distance] epoch=098 train_mae=1106.904175 val_mae=1080.306030 train_rmse=1490.512329 val_rmse=1471.990356 time=568.27s
[distance] epoch=099 train_mae=1103.482422 val_mae=1097.891724 train_rmse=1486.980347 val_rmse=1498.095825 time=565.17s
[distance] test_mae=1131.597412, test_rmse=1545.385742, test_relative_error=0.200079
[distance] timing: preprocess=84.05s, train=57188.89s, best_epoch=91
